2023/09/09 08:06:38 [notice] 1#1: using the "epoll" event method
2023/09/09 08:06:38 [notice] 1#1: nginx/1.25.2
2023/09/09 08:06:38 [notice] 1#1: built by gcc 12.2.1 20220924 (Alpine 12.2.1_git20220924-r10) 
2023/09/09 08:06:38 [notice] 1#1: OS: Linux 5.15.49-linuxkit
2023/09/09 08:06:38 [notice] 1#1: getrlimit(RLIMIT_NOFILE): 1048576:1048576
2023/09/09 08:06:38 [notice] 1#1: start worker processes
2023/09/09 08:06:38 [notice] 1#1: start worker process 30
2023/09/09 08:06:38 [notice] 1#1: start worker process 31
2023/09/09 08:06:38 [notice] 1#1: start worker process 32
2023/09/09 08:06:38 [notice] 1#1: start worker process 33
2023/09/09 08:08:31 [error] 30#30: *1 open() "/usr/share/nginx/html/favicon.ico" failed (2: No such file or directory), client: 172.18.0.1, server: localhost, request: "GET /favicon.ico HTTP/1.1", host: "localhost", referrer: "http://localhost/"
2023/09/09 08:09:37 [notice] 1#1: signal 3 (SIGQUIT) received, shutting down
2023/09/09 08:09:37 [notice] 31#31: gracefully shutting down
2023/09/09 08:09:37 [notice] 33#33: gracefully shutting down
2023/09/09 08:09:37 [notice] 32#32: gracefully shutting down
2023/09/09 08:09:37 [notice] 30#30: gracefully shutting down
2023/09/09 08:09:37 [notice] 31#31: exiting
2023/09/09 08:09:37 [notice] 33#33: exiting
2023/09/09 08:09:37 [notice] 32#32: exiting
2023/09/09 08:09:37 [notice] 30#30: exiting
2023/09/09 08:09:37 [notice] 31#31: exit
2023/09/09 08:09:37 [notice] 33#33: exit
2023/09/09 08:09:37 [notice] 32#32: exit
2023/09/09 08:09:37 [notice] 30#30: exit
2023/09/09 08:09:37 [notice] 1#1: signal 17 (SIGCHLD) received from 31
2023/09/09 08:09:37 [notice] 1#1: worker process 31 exited with code 0
2023/09/09 08:09:37 [notice] 1#1: worker process 33 exited with code 0
2023/09/09 08:09:37 [notice] 1#1: signal 29 (SIGIO) received
2023/09/09 08:09:37 [notice] 1#1: signal 17 (SIGCHLD) received from 32
2023/09/09 08:09:37 [notice] 1#1: worker process 32 exited with code 0
2023/09/09 08:09:37 [notice] 1#1: signal 29 (SIGIO) received
2023/09/09 08:09:37 [notice] 1#1: signal 17 (SIGCHLD) received from 30
2023/09/09 08:09:37 [notice] 1#1: worker process 30 exited with code 0
2023/09/09 08:09:37 [notice] 1#1: exit
2023/09/09 08:09:39 [notice] 1#1: using the "epoll" event method
2023/09/09 08:09:39 [notice] 1#1: nginx/1.25.2
2023/09/09 08:09:39 [notice] 1#1: built by gcc 12.2.1 20220924 (Alpine 12.2.1_git20220924-r10) 
2023/09/09 08:09:39 [notice] 1#1: OS: Linux 5.15.49-linuxkit
2023/09/09 08:09:39 [notice] 1#1: getrlimit(RLIMIT_NOFILE): 1048576:1048576
2023/09/09 08:09:39 [notice] 1#1: start worker processes
2023/09/09 08:09:39 [notice] 1#1: start worker process 22
2023/09/09 08:09:39 [notice] 1#1: start worker process 23
2023/09/09 08:09:39 [notice] 1#1: start worker process 24
2023/09/09 08:09:39 [notice] 1#1: start worker process 25
2023/09/09 08:12:53 [notice] 1#1: signal 3 (SIGQUIT) received, shutting down
2023/09/09 08:12:53 [notice] 23#23: gracefully shutting down
2023/09/09 08:12:53 [notice] 22#22: gracefully shutting down
2023/09/09 08:12:53 [notice] 25#25: gracefully shutting down
2023/09/09 08:12:53 [notice] 25#25: exiting
2023/09/09 08:12:53 [notice] 24#24: gracefully shutting down
2023/09/09 08:12:53 [notice] 24#24: exiting
2023/09/09 08:12:53 [notice] 23#23: exiting
2023/09/09 08:12:53 [notice] 22#22: exiting
2023/09/09 08:12:53 [notice] 25#25: exit
2023/09/09 08:12:53 [notice] 24#24: exit
2023/09/09 08:12:53 [notice] 23#23: exit
2023/09/09 08:12:53 [notice] 22#22: exit
2023/09/09 08:12:53 [notice] 1#1: signal 17 (SIGCHLD) received from 24
2023/09/09 08:12:53 [notice] 1#1: worker process 24 exited with code 0
2023/09/09 08:12:53 [notice] 1#1: worker process 22 exited with code 0
2023/09/09 08:12:53 [notice] 1#1: worker process 23 exited with code 0
2023/09/09 08:12:53 [notice] 1#1: worker process 25 exited with code 0
2023/09/09 08:12:53 [notice] 1#1: exit
2023/09/09 08:12:55 [notice] 1#1: using the "epoll" event method
2023/09/09 08:12:55 [notice] 1#1: nginx/1.25.2
2023/09/09 08:12:55 [notice] 1#1: built by gcc 12.2.1 20220924 (Alpine 12.2.1_git20220924-r10) 
2023/09/09 08:12:55 [notice] 1#1: OS: Linux 5.15.49-linuxkit
2023/09/09 08:12:55 [notice] 1#1: getrlimit(RLIMIT_NOFILE): 1048576:1048576
2023/09/09 08:12:55 [notice] 1#1: start worker processes
2023/09/09 08:12:55 [notice] 1#1: start worker process 22
2023/09/09 08:12:55 [notice] 1#1: start worker process 23
2023/09/09 08:12:55 [notice] 1#1: start worker process 24
2023/09/09 08:12:55 [notice] 1#1: start worker process 25
2023/09/09 08:15:30 [notice] 1#1: signal 3 (SIGQUIT) received, shutting down
2023/09/09 08:15:30 [notice] 23#23: gracefully shutting down
2023/09/09 08:15:30 [notice] 23#23: exiting
2023/09/09 08:15:30 [notice] 24#24: gracefully shutting down
2023/09/09 08:15:30 [notice] 22#22: gracefully shutting down
2023/09/09 08:15:30 [notice] 25#25: gracefully shutting down
2023/09/09 08:15:30 [notice] 23#23: exit
2023/09/09 08:15:30 [notice] 24#24: exiting
2023/09/09 08:15:30 [notice] 22#22: exiting
2023/09/09 08:15:30 [notice] 25#25: exiting
2023/09/09 08:15:30 [notice] 24#24: exit
2023/09/09 08:15:30 [notice] 22#22: exit
2023/09/09 08:15:30 [notice] 25#25: exit
2023/09/09 08:15:30 [notice] 1#1: signal 17 (SIGCHLD) received from 23
2023/09/09 08:15:30 [notice] 1#1: worker process 23 exited with code 0
2023/09/09 08:15:30 [notice] 1#1: signal 29 (SIGIO) received
2023/09/09 08:15:30 [notice] 1#1: signal 17 (SIGCHLD) received from 24
2023/09/09 08:15:30 [notice] 1#1: worker process 24 exited with code 0
2023/09/09 08:15:30 [notice] 1#1: signal 29 (SIGIO) received
2023/09/09 08:15:30 [notice] 1#1: signal 17 (SIGCHLD) received from 22
2023/09/09 08:15:30 [notice] 1#1: worker process 22 exited with code 0
2023/09/09 08:15:30 [notice] 1#1: worker process 25 exited with code 0
2023/09/09 08:15:30 [notice] 1#1: exit
2023/09/09 08:15:32 [notice] 1#1: using the "epoll" event method
2023/09/09 08:15:32 [notice] 1#1: nginx/1.25.2
2023/09/09 08:15:32 [notice] 1#1: built by gcc 12.2.1 20220924 (Alpine 12.2.1_git20220924-r10) 
2023/09/09 08:15:32 [notice] 1#1: OS: Linux 5.15.49-linuxkit
2023/09/09 08:15:32 [notice] 1#1: getrlimit(RLIMIT_NOFILE): 1048576:1048576
2023/09/09 08:15:32 [notice] 1#1: start worker processes
2023/09/09 08:15:32 [notice] 1#1: start worker process 22
2023/09/09 08:15:32 [notice] 1#1: start worker process 23
2023/09/09 08:15:32 [notice] 1#1: start worker process 24
2023/09/09 08:15:32 [notice] 1#1: start worker process 25
2023/09/09 08:16:04 [notice] 1#1: signal 3 (SIGQUIT) received, shutting down
2023/09/09 08:16:04 [notice] 22#22: gracefully shutting down
2023/09/09 08:16:04 [notice] 22#22: exiting
2023/09/09 08:16:04 [notice] 25#25: gracefully shutting down
2023/09/09 08:16:04 [notice] 24#24: gracefully shutting down
2023/09/09 08:16:04 [notice] 23#23: gracefully shutting down
2023/09/09 08:16:04 [notice] 22#22: exit
2023/09/09 08:16:04 [notice] 25#25: exiting
2023/09/09 08:16:04 [notice] 24#24: exiting
2023/09/09 08:16:04 [notice] 23#23: exiting
2023/09/09 08:16:04 [notice] 25#25: exit
2023/09/09 08:16:04 [notice] 24#24: exit
2023/09/09 08:16:04 [notice] 23#23: exit
2023/09/09 08:16:04 [notice] 1#1: signal 17 (SIGCHLD) received from 22
2023/09/09 08:16:04 [notice] 1#1: worker process 22 exited with code 0
2023/09/09 08:16:04 [notice] 1#1: worker process 24 exited with code 0
2023/09/09 08:16:04 [notice] 1#1: signal 29 (SIGIO) received
2023/09/09 08:16:04 [notice] 1#1: signal 17 (SIGCHLD) received from 24
2023/09/09 08:16:04 [notice] 1#1: signal 17 (SIGCHLD) received from 25
2023/09/09 08:16:04 [notice] 1#1: worker process 23 exited with code 0
2023/09/09 08:16:04 [notice] 1#1: worker process 25 exited with code 0
2023/09/09 08:16:04 [notice] 1#1: exit
2023/09/09 08:16:05 [notice] 1#1: using the "epoll" event method
2023/09/09 08:16:05 [notice] 1#1: nginx/1.25.2
2023/09/09 08:16:05 [notice] 1#1: built by gcc 12.2.1 20220924 (Alpine 12.2.1_git20220924-r10) 
2023/09/09 08:16:05 [notice] 1#1: OS: Linux 5.15.49-linuxkit
2023/09/09 08:16:05 [notice] 1#1: getrlimit(RLIMIT_NOFILE): 1048576:1048576
2023/09/09 08:16:05 [notice] 1#1: start worker processes
2023/09/09 08:16:05 [notice] 1#1: start worker process 22
2023/09/09 08:16:05 [notice] 1#1: start worker process 23
2023/09/09 08:16:05 [notice] 1#1: start worker process 24
2023/09/09 08:16:05 [notice] 1#1: start worker process 25
2023/09/09 08:16:49 [notice] 1#1: signal 3 (SIGQUIT) received, shutting down
2023/09/09 08:16:49 [notice] 23#23: gracefully shutting down
2023/09/09 08:16:49 [notice] 23#23: exiting
2023/09/09 08:16:49 [notice] 22#22: gracefully shutting down
2023/09/09 08:16:49 [notice] 22#22: exiting
2023/09/09 08:16:49 [notice] 24#24: gracefully shutting down
2023/09/09 08:16:49 [notice] 25#25: gracefully shutting down
2023/09/09 08:16:49 [notice] 23#23: exit
2023/09/09 08:16:49 [notice] 22#22: exit
2023/09/09 08:16:49 [notice] 24#24: exiting
2023/09/09 08:16:49 [notice] 25#25: exiting
2023/09/09 08:16:49 [notice] 24#24: exit
2023/09/09 08:16:49 [notice] 25#25: exit
2023/09/09 08:16:49 [notice] 1#1: signal 17 (SIGCHLD) received from 23
2023/09/09 08:16:49 [notice] 1#1: worker process 23 exited with code 0
2023/09/09 08:16:49 [notice] 1#1: signal 29 (SIGIO) received
2023/09/09 08:16:49 [notice] 1#1: signal 17 (SIGCHLD) received from 22
2023/09/09 08:16:49 [notice] 1#1: worker process 22 exited with code 0
2023/09/09 08:16:49 [notice] 1#1: worker process 24 exited with code 0
2023/09/09 08:16:49 [notice] 1#1: worker process 25 exited with code 0
2023/09/09 08:16:49 [notice] 1#1: exit
2023/09/09 08:16:51 [notice] 1#1: using the "epoll" event method
2023/09/09 08:16:51 [notice] 1#1: nginx/1.25.2
2023/09/09 08:16:51 [notice] 1#1: built by gcc 12.2.1 20220924 (Alpine 12.2.1_git20220924-r10) 
2023/09/09 08:16:51 [notice] 1#1: OS: Linux 5.15.49-linuxkit
2023/09/09 08:16:51 [notice] 1#1: getrlimit(RLIMIT_NOFILE): 1048576:1048576
2023/09/09 08:16:51 [notice] 1#1: start worker processes
2023/09/09 08:16:51 [notice] 1#1: start worker process 22
2023/09/09 08:16:51 [notice] 1#1: start worker process 23
2023/09/09 08:16:51 [notice] 1#1: start worker process 24
2023/09/09 08:16:51 [notice] 1#1: start worker process 25
2023/09/09 08:18:55 [notice] 1#1: signal 3 (SIGQUIT) received, shutting down
2023/09/09 08:18:55 [notice] 25#25: gracefully shutting down
2023/09/09 08:18:55 [notice] 25#25: exiting
2023/09/09 08:18:55 [notice] 22#22: gracefully shutting down
2023/09/09 08:18:55 [notice] 22#22: exiting
2023/09/09 08:18:55 [notice] 24#24: gracefully shutting down
2023/09/09 08:18:55 [notice] 24#24: exiting
2023/09/09 08:18:55 [notice] 23#23: gracefully shutting down
2023/09/09 08:18:55 [notice] 25#25: exit
2023/09/09 08:18:55 [notice] 22#22: exit
2023/09/09 08:18:55 [notice] 24#24: exit
2023/09/09 08:18:55 [notice] 23#23: exiting
2023/09/09 08:18:55 [notice] 23#23: exit
2023/09/09 08:18:55 [notice] 1#1: signal 17 (SIGCHLD) received from 22
2023/09/09 08:18:55 [notice] 1#1: worker process 22 exited with code 0
2023/09/09 08:18:55 [notice] 1#1: worker process 24 exited with code 0
2023/09/09 08:18:55 [notice] 1#1: worker process 25 exited with code 0
2023/09/09 08:18:55 [notice] 1#1: signal 29 (SIGIO) received
2023/09/09 08:18:55 [notice] 1#1: signal 17 (SIGCHLD) received from 24
2023/09/09 08:18:55 [notice] 1#1: signal 17 (SIGCHLD) received from 23
2023/09/09 08:18:55 [notice] 1#1: worker process 23 exited with code 0
2023/09/09 08:18:55 [notice] 1#1: exit
2023/09/09 08:18:56 [notice] 1#1: using the "epoll" event method
2023/09/09 08:18:56 [notice] 1#1: nginx/1.25.2
2023/09/09 08:18:56 [notice] 1#1: built by gcc 12.2.1 20220924 (Alpine 12.2.1_git20220924-r10) 
2023/09/09 08:18:56 [notice] 1#1: OS: Linux 5.15.49-linuxkit
2023/09/09 08:18:56 [notice] 1#1: getrlimit(RLIMIT_NOFILE): 1048576:1048576
2023/09/09 08:18:56 [notice] 1#1: start worker processes
2023/09/09 08:18:56 [notice] 1#1: start worker process 22
2023/09/09 08:18:56 [notice] 1#1: start worker process 23
2023/09/09 08:18:56 [notice] 1#1: start worker process 24
2023/09/09 08:18:56 [notice] 1#1: start worker process 25
2023/09/09 08:19:06 [notice] 1#1: signal 3 (SIGQUIT) received, shutting down
2023/09/09 08:19:06 [notice] 24#24: gracefully shutting down
2023/09/09 08:19:06 [notice] 23#23: gracefully shutting down
2023/09/09 08:19:06 [notice] 23#23: exiting
2023/09/09 08:19:06 [notice] 22#22: gracefully shutting down
2023/09/09 08:19:06 [notice] 25#25: gracefully shutting down
2023/09/09 08:19:06 [notice] 25#25: exiting
2023/09/09 08:19:06 [notice] 24#24: exiting
2023/09/09 08:19:06 [notice] 23#23: exit
2023/09/09 08:19:06 [notice] 22#22: exiting
2023/09/09 08:19:06 [notice] 22#22: exit
2023/09/09 08:19:06 [notice] 25#25: exit
2023/09/09 08:19:06 [notice] 24#24: exit
2023/09/09 08:19:06 [notice] 1#1: signal 17 (SIGCHLD) received from 23
2023/09/09 08:19:06 [notice] 1#1: worker process 22 exited with code 0
2023/09/09 08:19:06 [notice] 1#1: worker process 23 exited with code 0
2023/09/09 08:19:06 [notice] 1#1: worker process 25 exited with code 0
2023/09/09 08:19:06 [notice] 1#1: signal 29 (SIGIO) received
2023/09/09 08:19:06 [notice] 1#1: signal 17 (SIGCHLD) received from 25
2023/09/09 08:19:06 [notice] 1#1: worker process 24 exited with code 0
2023/09/09 08:19:06 [notice] 1#1: exit
2023/09/09 10:51:12 [notice] 1#1: using the "epoll" event method
2023/09/09 10:51:12 [notice] 1#1: nginx/1.25.2
2023/09/09 10:51:12 [notice] 1#1: built by gcc 12.2.1 20220924 (Alpine 12.2.1_git20220924-r10) 
2023/09/09 10:51:12 [notice] 1#1: OS: Linux 5.15.49-linuxkit-pr
2023/09/09 10:51:12 [notice] 1#1: getrlimit(RLIMIT_NOFILE): 1048576:1048576
2023/09/09 10:51:12 [notice] 1#1: start worker processes
2023/09/09 10:51:12 [notice] 1#1: start worker process 30
2023/09/09 10:51:12 [notice] 1#1: start worker process 31
2023/09/09 10:51:12 [notice] 1#1: start worker process 32
2023/09/09 10:51:12 [notice] 1#1: start worker process 33
2023/09/09 10:51:12 [notice] 1#1: start worker process 34
2023/09/09 10:51:12 [notice] 1#1: start worker process 35
2023/09/09 10:52:57 [notice] 1#1: signal 3 (SIGQUIT) received, shutting down
2023/09/09 10:52:57 [notice] 30#30: gracefully shutting down
2023/09/09 10:52:57 [notice] 31#31: gracefully shutting down
2023/09/09 10:52:57 [notice] 33#33: gracefully shutting down
2023/09/09 10:52:57 [notice] 33#33: exiting
2023/09/09 10:52:57 [notice] 34#34: gracefully shutting down
2023/09/09 10:52:57 [notice] 32#32: gracefully shutting down
2023/09/09 10:52:57 [notice] 35#35: gracefully shutting down
2023/09/09 10:52:57 [notice] 30#30: exiting
2023/09/09 10:52:57 [notice] 31#31: exiting
2023/09/09 10:52:57 [notice] 33#33: exit
2023/09/09 10:52:57 [notice] 34#34: exiting
2023/09/09 10:52:57 [notice] 32#32: exiting
2023/09/09 10:52:57 [notice] 35#35: exiting
2023/09/09 10:52:57 [notice] 30#30: exit
2023/09/09 10:52:57 [notice] 31#31: exit
2023/09/09 10:52:57 [notice] 34#34: exit
2023/09/09 10:52:57 [notice] 32#32: exit
2023/09/09 10:52:57 [notice] 35#35: exit
2023/09/09 10:52:57 [notice] 1#1: signal 17 (SIGCHLD) received from 32
2023/09/09 10:52:57 [notice] 1#1: worker process 32 exited with code 0
2023/09/09 10:52:57 [notice] 1#1: signal 29 (SIGIO) received
2023/09/09 10:52:57 [notice] 1#1: signal 17 (SIGCHLD) received from 31
2023/09/09 10:52:57 [notice] 1#1: worker process 31 exited with code 0
2023/09/09 10:52:57 [notice] 1#1: worker process 33 exited with code 0
2023/09/09 10:52:57 [notice] 1#1: worker process 30 exited with code 0
2023/09/09 10:52:57 [notice] 1#1: worker process 34 exited with code 0
2023/09/09 10:52:57 [notice] 1#1: worker process 35 exited with code 0
2023/09/09 10:52:57 [notice] 1#1: signal 17 (SIGCHLD) received from 33
2023/09/09 10:52:57 [notice] 1#1: exit
2023/09/09 10:52:59 [notice] 1#1: using the "epoll" event method
2023/09/09 10:52:59 [notice] 1#1: nginx/1.25.2
2023/09/09 10:52:59 [notice] 1#1: built by gcc 12.2.1 20220924 (Alpine 12.2.1_git20220924-r10) 
2023/09/09 10:52:59 [notice] 1#1: OS: Linux 5.15.49-linuxkit-pr
2023/09/09 10:52:59 [notice] 1#1: getrlimit(RLIMIT_NOFILE): 1048576:1048576
2023/09/09 10:52:59 [notice] 1#1: start worker processes
2023/09/09 10:52:59 [notice] 1#1: start worker process 22
2023/09/09 10:52:59 [notice] 1#1: start worker process 23
2023/09/09 10:52:59 [notice] 1#1: start worker process 24
2023/09/09 10:52:59 [notice] 1#1: start worker process 25
2023/09/09 10:52:59 [notice] 1#1: start worker process 26
2023/09/09 10:52:59 [notice] 1#1: start worker process 27
2023/09/09 10:53:27 [notice] 1#1: signal 3 (SIGQUIT) received, shutting down
2023/09/09 10:53:27 [notice] 22#22: gracefully shutting down
2023/09/09 10:53:27 [notice] 22#22: exiting
2023/09/09 10:53:27 [notice] 23#23: gracefully shutting down
2023/09/09 10:53:27 [notice] 25#25: gracefully shutting down
2023/09/09 10:53:27 [notice] 26#26: gracefully shutting down
2023/09/09 10:53:27 [notice] 27#27: gracefully shutting down
2023/09/09 10:53:27 [notice] 24#24: gracefully shutting down
2023/09/09 10:53:27 [notice] 22#22: exit
2023/09/09 10:53:27 [notice] 23#23: exiting
2023/09/09 10:53:27 [notice] 25#25: exiting
2023/09/09 10:53:27 [notice] 26#26: exiting
2023/09/09 10:53:27 [notice] 27#27: exiting
2023/09/09 10:53:27 [notice] 24#24: exiting
2023/09/09 10:53:27 [notice] 23#23: exit
2023/09/09 10:53:27 [notice] 25#25: exit
2023/09/09 10:53:27 [notice] 26#26: exit
2023/09/09 10:53:27 [notice] 27#27: exit
2023/09/09 10:53:27 [notice] 24#24: exit
2023/09/09 10:53:27 [notice] 1#1: signal 17 (SIGCHLD) received from 22
2023/09/09 10:53:27 [notice] 1#1: worker process 22 exited with code 0
2023/09/09 10:53:27 [notice] 1#1: worker process 25 exited with code 0
2023/09/09 10:53:27 [notice] 1#1: signal 29 (SIGIO) received
2023/09/09 10:53:27 [notice] 1#1: signal 17 (SIGCHLD) received from 23
2023/09/09 10:53:27 [notice] 1#1: worker process 23 exited with code 0
2023/09/09 10:53:27 [notice] 1#1: signal 29 (SIGIO) received
2023/09/09 10:53:27 [notice] 1#1: signal 17 (SIGCHLD) received from 24
2023/09/09 10:53:27 [notice] 1#1: worker process 24 exited with code 0
2023/09/09 10:53:27 [notice] 1#1: signal 29 (SIGIO) received
2023/09/09 10:53:27 [notice] 1#1: signal 17 (SIGCHLD) received from 27
2023/09/09 10:53:27 [notice] 1#1: worker process 27 exited with code 0
2023/09/09 10:53:27 [notice] 1#1: worker process 26 exited with code 0
2023/09/09 10:53:27 [notice] 1#1: exit
2023/09/09 10:53:33 [notice] 1#1: using the "epoll" event method
2023/09/09 10:53:33 [notice] 1#1: nginx/1.25.2
2023/09/09 10:53:33 [notice] 1#1: built by gcc 12.2.1 20220924 (Alpine 12.2.1_git20220924-r10) 
2023/09/09 10:53:33 [notice] 1#1: OS: Linux 5.15.49-linuxkit-pr
2023/09/09 10:53:33 [notice] 1#1: getrlimit(RLIMIT_NOFILE): 1048576:1048576
2023/09/09 10:53:33 [notice] 1#1: start worker processes
2023/09/09 10:53:33 [notice] 1#1: start worker process 22
2023/09/09 10:53:33 [notice] 1#1: start worker process 23
2023/09/09 10:53:33 [notice] 1#1: start worker process 24
2023/09/09 10:53:33 [notice] 1#1: start worker process 25
2023/09/09 10:53:33 [notice] 1#1: start worker process 26
2023/09/09 10:53:33 [notice] 1#1: start worker process 27
2023/09/09 10:53:38 [notice] 1#1: signal 3 (SIGQUIT) received, shutting down
2023/09/09 10:53:38 [notice] 25#25: gracefully shutting down
2023/09/09 10:53:38 [notice] 25#25: exiting
2023/09/09 10:53:38 [notice] 26#26: gracefully shutting down
2023/09/09 10:53:38 [notice] 22#22: gracefully shutting down
2023/09/09 10:53:38 [notice] 22#22: exiting
2023/09/09 10:53:38 [notice] 23#23: gracefully shutting down
2023/09/09 10:53:38 [notice] 27#27: gracefully shutting down
2023/09/09 10:53:38 [notice] 27#27: exiting
2023/09/09 10:53:38 [notice] 24#24: gracefully shutting down
2023/09/09 10:53:38 [notice] 25#25: exit
2023/09/09 10:53:38 [notice] 26#26: exiting
2023/09/09 10:53:38 [notice] 22#22: exit
2023/09/09 10:53:38 [notice] 23#23: exiting
2023/09/09 10:53:38 [notice] 27#27: exit
2023/09/09 10:53:38 [notice] 24#24: exiting
2023/09/09 10:53:38 [notice] 26#26: exit
2023/09/09 10:53:38 [notice] 23#23: exit
2023/09/09 10:53:38 [notice] 24#24: exit
2023/09/09 10:53:38 [notice] 1#1: signal 17 (SIGCHLD) received from 22
2023/09/09 10:53:38 [notice] 1#1: worker process 22 exited with code 0
2023/09/09 10:53:38 [notice] 1#1: worker process 23 exited with code 0
2023/09/09 10:53:38 [notice] 1#1: signal 29 (SIGIO) received
2023/09/09 10:53:38 [notice] 1#1: signal 17 (SIGCHLD) received from 25
2023/09/09 10:53:38 [notice] 1#1: worker process 25 exited with code 0
2023/09/09 10:53:38 [notice] 1#1: signal 29 (SIGIO) received
2023/09/09 10:53:38 [notice] 1#1: signal 17 (SIGCHLD) received from 26
2023/09/09 10:53:38 [notice] 1#1: worker process 26 exited with code 0
2023/09/09 10:53:38 [notice] 1#1: signal 29 (SIGIO) received
2023/09/09 10:53:38 [notice] 1#1: signal 17 (SIGCHLD) received from 24
2023/09/09 10:53:38 [notice] 1#1: worker process 24 exited with code 0
2023/09/09 10:53:38 [notice] 1#1: worker process 27 exited with code 0
2023/09/09 10:53:38 [notice] 1#1: exit
2023/09/09 10:53:52 [notice] 1#1: using the "epoll" event method
2023/09/09 10:53:52 [notice] 1#1: nginx/1.25.2
2023/09/09 10:53:52 [notice] 1#1: built by gcc 12.2.1 20220924 (Alpine 12.2.1_git20220924-r10) 
2023/09/09 10:53:52 [notice] 1#1: OS: Linux 5.15.49-linuxkit-pr
2023/09/09 10:53:52 [notice] 1#1: getrlimit(RLIMIT_NOFILE): 1048576:1048576
2023/09/09 10:53:52 [notice] 1#1: start worker processes
2023/09/09 10:53:52 [notice] 1#1: start worker process 22
2023/09/09 10:53:52 [notice] 1#1: start worker process 23
2023/09/09 10:53:52 [notice] 1#1: start worker process 24
2023/09/09 10:53:52 [notice] 1#1: start worker process 25
2023/09/09 10:53:52 [notice] 1#1: start worker process 26
2023/09/09 10:53:52 [notice] 1#1: start worker process 27
2023/09/09 10:54:15 [notice] 1#1: signal 3 (SIGQUIT) received, shutting down
2023/09/09 10:54:15 [notice] 26#26: gracefully shutting down
2023/09/09 10:54:15 [notice] 26#26: exiting
2023/09/09 10:54:15 [notice] 23#23: gracefully shutting down
2023/09/09 10:54:15 [notice] 23#23: exiting
2023/09/09 10:54:15 [notice] 22#22: gracefully shutting down
2023/09/09 10:54:15 [notice] 25#25: gracefully shutting down
2023/09/09 10:54:15 [notice] 25#25: exiting
2023/09/09 10:54:15 [notice] 24#24: gracefully shutting down
2023/09/09 10:54:15 [notice] 24#24: exiting
2023/09/09 10:54:15 [notice] 27#27: gracefully shutting down
2023/09/09 10:54:15 [notice] 26#26: exit
2023/09/09 10:54:15 [notice] 23#23: exit
2023/09/09 10:54:15 [notice] 22#22: exiting
2023/09/09 10:54:15 [notice] 25#25: exit
2023/09/09 10:54:15 [notice] 24#24: exit
2023/09/09 10:54:15 [notice] 27#27: exiting
2023/09/09 10:54:15 [notice] 22#22: exit
2023/09/09 10:54:15 [notice] 27#27: exit
2023/09/09 10:54:15 [notice] 1#1: signal 17 (SIGCHLD) received from 26
2023/09/09 10:54:15 [notice] 1#1: worker process 26 exited with code 0
2023/09/09 10:54:15 [notice] 1#1: signal 29 (SIGIO) received
2023/09/09 10:54:15 [notice] 1#1: signal 17 (SIGCHLD) received from 23
2023/09/09 10:54:15 [notice] 1#1: worker process 23 exited with code 0
2023/09/09 10:54:15 [notice] 1#1: worker process 24 exited with code 0
2023/09/09 10:54:15 [notice] 1#1: worker process 22 exited with code 0
2023/09/09 10:54:15 [notice] 1#1: worker process 25 exited with code 0
2023/09/09 10:54:15 [notice] 1#1: worker process 27 exited with code 0
2023/09/09 10:54:15 [notice] 1#1: exit
2023/09/09 10:54:16 [notice] 1#1: using the "epoll" event method
2023/09/09 10:54:16 [notice] 1#1: nginx/1.25.2
2023/09/09 10:54:16 [notice] 1#1: built by gcc 12.2.1 20220924 (Alpine 12.2.1_git20220924-r10) 
2023/09/09 10:54:16 [notice] 1#1: OS: Linux 5.15.49-linuxkit-pr
2023/09/09 10:54:16 [notice] 1#1: getrlimit(RLIMIT_NOFILE): 1048576:1048576
2023/09/09 10:54:16 [notice] 1#1: start worker processes
2023/09/09 10:54:16 [notice] 1#1: start worker process 21
2023/09/09 10:54:16 [notice] 1#1: start worker process 22
2023/09/09 10:54:16 [notice] 1#1: start worker process 23
2023/09/09 10:54:16 [notice] 1#1: start worker process 24
2023/09/09 10:54:16 [notice] 1#1: start worker process 25
2023/09/09 10:54:16 [notice] 1#1: start worker process 26
2023/09/09 10:57:46 [notice] 1#1: signal 3 (SIGQUIT) received, shutting down
2023/09/09 10:57:46 [notice] 22#22: gracefully shutting down
2023/09/09 10:57:46 [notice] 21#21: gracefully shutting down
2023/09/09 10:57:46 [notice] 25#25: gracefully shutting down
2023/09/09 10:57:46 [notice] 24#24: gracefully shutting down
2023/09/09 10:57:46 [notice] 23#23: gracefully shutting down
2023/09/09 10:57:46 [notice] 26#26: gracefully shutting down
2023/09/09 10:57:46 [notice] 22#22: exiting
2023/09/09 10:57:46 [notice] 21#21: exiting
2023/09/09 10:57:46 [notice] 25#25: exiting
2023/09/09 10:57:46 [notice] 24#24: exiting
2023/09/09 10:57:46 [notice] 23#23: exiting
2023/09/09 10:57:46 [notice] 26#26: exiting
2023/09/09 10:57:46 [notice] 22#22: exit
2023/09/09 10:57:46 [notice] 21#21: exit
2023/09/09 10:57:46 [notice] 25#25: exit
2023/09/09 10:57:46 [notice] 24#24: exit
2023/09/09 10:57:46 [notice] 23#23: exit
2023/09/09 10:57:46 [notice] 26#26: exit
2023/09/09 10:57:46 [notice] 1#1: signal 17 (SIGCHLD) received from 21
2023/09/09 10:57:46 [notice] 1#1: worker process 21 exited with code 0
2023/09/09 10:57:46 [notice] 1#1: worker process 22 exited with code 0
2023/09/09 10:57:46 [notice] 1#1: signal 29 (SIGIO) received
2023/09/09 10:57:46 [notice] 1#1: signal 17 (SIGCHLD) received from 22
2023/09/09 10:57:46 [notice] 1#1: signal 17 (SIGCHLD) received from 24
2023/09/09 10:57:46 [notice] 1#1: worker process 24 exited with code 0
2023/09/09 10:57:46 [notice] 1#1: worker process 25 exited with code 0
2023/09/09 10:57:46 [notice] 1#1: worker process 26 exited with code 0
2023/09/09 10:57:46 [notice] 1#1: signal 29 (SIGIO) received
2023/09/09 10:57:46 [notice] 1#1: signal 17 (SIGCHLD) received from 25
2023/09/09 10:57:46 [notice] 1#1: signal 17 (SIGCHLD) received from 23
2023/09/09 10:57:46 [notice] 1#1: worker process 23 exited with code 0
2023/09/09 10:57:46 [notice] 1#1: exit
2023/09/09 10:57:47 [notice] 1#1: using the "epoll" event method
2023/09/09 10:57:47 [notice] 1#1: nginx/1.25.2
2023/09/09 10:57:47 [notice] 1#1: built by gcc 12.2.1 20220924 (Alpine 12.2.1_git20220924-r10) 
2023/09/09 10:57:47 [notice] 1#1: OS: Linux 5.15.49-linuxkit-pr
2023/09/09 10:57:47 [notice] 1#1: getrlimit(RLIMIT_NOFILE): 1048576:1048576
2023/09/09 10:57:47 [notice] 1#1: start worker processes
2023/09/09 10:57:47 [notice] 1#1: start worker process 22
2023/09/09 10:57:47 [notice] 1#1: start worker process 23
2023/09/09 10:57:47 [notice] 1#1: start worker process 24
2023/09/09 10:57:47 [notice] 1#1: start worker process 25
2023/09/09 10:57:47 [notice] 1#1: start worker process 26
2023/09/09 10:57:47 [notice] 1#1: start worker process 27
2023/09/09 10:59:14 [notice] 1#1: signal 3 (SIGQUIT) received, shutting down
2023/09/09 10:59:14 [notice] 24#24: gracefully shutting down
2023/09/09 10:59:14 [notice] 22#22: gracefully shutting down
2023/09/09 10:59:14 [notice] 23#23: gracefully shutting down
2023/09/09 10:59:14 [notice] 23#23: exiting
2023/09/09 10:59:14 [notice] 27#27: gracefully shutting down
2023/09/09 10:59:14 [notice] 25#25: gracefully shutting down
2023/09/09 10:59:14 [notice] 26#26: gracefully shutting down
2023/09/09 10:59:14 [notice] 24#24: exiting
2023/09/09 10:59:14 [notice] 22#22: exiting
2023/09/09 10:59:14 [notice] 23#23: exit
2023/09/09 10:59:14 [notice] 27#27: exiting
2023/09/09 10:59:14 [notice] 25#25: exiting
2023/09/09 10:59:14 [notice] 26#26: exiting
2023/09/09 10:59:14 [notice] 24#24: exit
2023/09/09 10:59:14 [notice] 22#22: exit
2023/09/09 10:59:14 [notice] 27#27: exit
2023/09/09 10:59:14 [notice] 25#25: exit
2023/09/09 10:59:14 [notice] 26#26: exit
2023/09/09 10:59:14 [notice] 1#1: signal 17 (SIGCHLD) received from 23
2023/09/09 10:59:14 [notice] 1#1: worker process 23 exited with code 0
2023/09/09 10:59:14 [notice] 1#1: signal 29 (SIGIO) received
2023/09/09 10:59:14 [notice] 1#1: signal 17 (SIGCHLD) received from 27
2023/09/09 10:59:14 [notice] 1#1: worker process 24 exited with code 0
2023/09/09 10:59:14 [notice] 1#1: worker process 27 exited with code 0
2023/09/09 10:59:14 [notice] 1#1: signal 29 (SIGIO) received
2023/09/09 10:59:14 [notice] 1#1: signal 17 (SIGCHLD) received from 24
2023/09/09 10:59:14 [notice] 1#1: signal 17 (SIGCHLD) received from 22
2023/09/09 10:59:14 [notice] 1#1: worker process 22 exited with code 0
2023/09/09 10:59:14 [notice] 1#1: signal 29 (SIGIO) received
2023/09/09 10:59:14 [notice] 1#1: signal 17 (SIGCHLD) received from 25
2023/09/09 10:59:14 [notice] 1#1: worker process 25 exited with code 0
2023/09/09 10:59:14 [notice] 1#1: signal 29 (SIGIO) received
2023/09/09 10:59:14 [notice] 1#1: signal 17 (SIGCHLD) received from 26
2023/09/09 10:59:14 [notice] 1#1: worker process 26 exited with code 0
2023/09/09 10:59:14 [notice] 1#1: exit
2023/09/09 11:01:13 [notice] 1#1: using the "epoll" event method
2023/09/09 11:01:13 [notice] 1#1: nginx/1.25.2
2023/09/09 11:01:13 [notice] 1#1: built by gcc 12.2.1 20220924 (Alpine 12.2.1_git20220924-r10) 
2023/09/09 11:01:13 [notice] 1#1: OS: Linux 5.15.49-linuxkit-pr
2023/09/09 11:01:13 [notice] 1#1: getrlimit(RLIMIT_NOFILE): 1048576:1048576
2023/09/09 11:01:13 [notice] 1#1: start worker processes
2023/09/09 11:01:13 [notice] 1#1: start worker process 30
2023/09/09 11:01:13 [notice] 1#1: start worker process 31
2023/09/09 11:01:13 [notice] 1#1: start worker process 32
2023/09/09 11:01:13 [notice] 1#1: start worker process 33
2023/09/09 11:01:13 [notice] 1#1: start worker process 34
2023/09/09 11:01:13 [notice] 1#1: start worker process 35
2023/09/09 11:02:40 [notice] 1#1: signal 3 (SIGQUIT) received, shutting down
2023/09/09 11:02:40 [notice] 30#30: gracefully shutting down
2023/09/09 11:02:40 [notice] 31#31: gracefully shutting down
2023/09/09 11:02:40 [notice] 33#33: gracefully shutting down
2023/09/09 11:02:40 [notice] 32#32: gracefully shutting down
2023/09/09 11:02:40 [notice] 35#35: gracefully shutting down
2023/09/09 11:02:40 [notice] 34#34: gracefully shutting down
2023/09/09 11:02:40 [notice] 30#30: exiting
2023/09/09 11:02:40 [notice] 31#31: exiting
2023/09/09 11:02:40 [notice] 33#33: exiting
2023/09/09 11:02:40 [notice] 32#32: exiting
2023/09/09 11:02:40 [notice] 35#35: exiting
2023/09/09 11:02:40 [notice] 34#34: exiting
2023/09/09 11:02:40 [notice] 30#30: exit
2023/09/09 11:02:40 [notice] 31#31: exit
2023/09/09 11:02:40 [notice] 33#33: exit
2023/09/09 11:02:40 [notice] 32#32: exit
2023/09/09 11:02:40 [notice] 35#35: exit
2023/09/09 11:02:40 [notice] 34#34: exit
2023/09/09 11:02:40 [notice] 1#1: signal 17 (SIGCHLD) received from 30
2023/09/09 11:02:40 [notice] 1#1: worker process 30 exited with code 0
2023/09/09 11:02:40 [notice] 1#1: worker process 31 exited with code 0
2023/09/09 11:02:40 [notice] 1#1: worker process 32 exited with code 0
2023/09/09 11:02:40 [notice] 1#1: worker process 34 exited with code 0
2023/09/09 11:02:40 [notice] 1#1: signal 29 (SIGIO) received
2023/09/09 11:02:40 [notice] 1#1: signal 17 (SIGCHLD) received from 31
2023/09/09 11:02:40 [notice] 1#1: signal 17 (SIGCHLD) received from 33
2023/09/09 11:02:40 [notice] 1#1: worker process 33 exited with code 0
2023/09/09 11:02:40 [notice] 1#1: signal 29 (SIGIO) received
2023/09/09 11:02:40 [notice] 1#1: signal 17 (SIGCHLD) received from 35
2023/09/09 11:02:40 [notice] 1#1: worker process 35 exited with code 0
2023/09/09 11:02:40 [notice] 1#1: exit
2023/09/09 11:11:33 [notice] 1#1: using the "epoll" event method
2023/09/09 11:11:33 [notice] 1#1: nginx/1.25.2
2023/09/09 11:11:33 [notice] 1#1: built by gcc 12.2.1 20220924 (Alpine 12.2.1_git20220924-r10) 
2023/09/09 11:11:33 [notice] 1#1: OS: Linux 5.15.49-linuxkit-pr
2023/09/09 11:11:33 [notice] 1#1: getrlimit(RLIMIT_NOFILE): 1048576:1048576
2023/09/09 11:11:33 [notice] 1#1: start worker processes
2023/09/09 11:11:33 [notice] 1#1: start worker process 30
2023/09/09 11:11:33 [notice] 1#1: start worker process 31
2023/09/09 11:11:33 [notice] 1#1: start worker process 32
2023/09/09 11:11:33 [notice] 1#1: start worker process 33
2023/09/09 11:11:33 [notice] 1#1: start worker process 34
2023/09/09 11:11:33 [notice] 1#1: start worker process 35
2023/09/09 11:11:39 [notice] 1#1: signal 3 (SIGQUIT) received, shutting down
2023/09/09 11:11:39 [notice] 30#30: gracefully shutting down
2023/09/09 11:11:39 [notice] 31#31: gracefully shutting down
2023/09/09 11:11:39 [notice] 31#31: exiting
2023/09/09 11:11:39 [notice] 33#33: gracefully shutting down
2023/09/09 11:11:39 [notice] 33#33: exiting
2023/09/09 11:11:39 [notice] 35#35: gracefully shutting down
2023/09/09 11:11:39 [notice] 35#35: exiting
2023/09/09 11:11:39 [notice] 34#34: gracefully shutting down
2023/09/09 11:11:39 [notice] 34#34: exiting
2023/09/09 11:11:39 [notice] 32#32: gracefully shutting down
2023/09/09 11:11:39 [notice] 30#30: exiting
2023/09/09 11:11:39 [notice] 31#31: exit
2023/09/09 11:11:39 [notice] 33#33: exit
2023/09/09 11:11:39 [notice] 35#35: exit
2023/09/09 11:11:39 [notice] 34#34: exit
2023/09/09 11:11:39 [notice] 32#32: exiting
2023/09/09 11:11:39 [notice] 30#30: exit
2023/09/09 11:11:39 [notice] 32#32: exit
2023/09/09 11:11:39 [notice] 1#1: signal 17 (SIGCHLD) received from 31
2023/09/09 11:11:39 [notice] 1#1: worker process 31 exited with code 0
2023/09/09 11:11:39 [notice] 1#1: signal 29 (SIGIO) received
2023/09/09 11:11:39 [notice] 1#1: signal 17 (SIGCHLD) received from 35
2023/09/09 11:11:39 [notice] 1#1: worker process 30 exited with code 0
2023/09/09 11:11:39 [notice] 1#1: worker process 32 exited with code 0
2023/09/09 11:11:39 [notice] 1#1: worker process 34 exited with code 0
2023/09/09 11:11:39 [notice] 1#1: worker process 35 exited with code 0
2023/09/09 11:11:39 [notice] 1#1: signal 29 (SIGIO) received
2023/09/09 11:11:39 [notice] 1#1: signal 17 (SIGCHLD) received from 30
2023/09/09 11:11:39 [notice] 1#1: signal 17 (SIGCHLD) received from 33
2023/09/09 11:11:39 [notice] 1#1: worker process 33 exited with code 0
2023/09/09 11:11:39 [notice] 1#1: exit
2023/09/09 11:20:01 [notice] 1#1: using the "epoll" event method
2023/09/09 11:20:01 [notice] 1#1: nginx/1.25.2
2023/09/09 11:20:01 [notice] 1#1: built by gcc 12.2.1 20220924 (Alpine 12.2.1_git20220924-r10) 
2023/09/09 11:20:01 [notice] 1#1: OS: Linux 5.15.49-linuxkit-pr
2023/09/09 11:20:01 [notice] 1#1: getrlimit(RLIMIT_NOFILE): 1048576:1048576
2023/09/09 11:20:01 [notice] 1#1: start worker processes
2023/09/09 11:20:01 [notice] 1#1: start worker process 29
2023/09/09 11:20:01 [notice] 1#1: start worker process 30
2023/09/09 11:20:01 [notice] 1#1: start worker process 31
2023/09/09 11:20:01 [notice] 1#1: start worker process 32
2023/09/09 11:20:01 [notice] 1#1: start worker process 33
2023/09/09 11:20:01 [notice] 1#1: start worker process 34
2023/09/09 11:20:25 [notice] 1#1: signal 3 (SIGQUIT) received, shutting down
2023/09/09 11:20:25 [notice] 31#31: gracefully shutting down
2023/09/09 11:20:25 [notice] 32#32: gracefully shutting down
2023/09/09 11:20:25 [notice] 29#29: gracefully shutting down
2023/09/09 11:20:25 [notice] 29#29: exiting
2023/09/09 11:20:25 [notice] 30#30: gracefully shutting down
2023/09/09 11:20:25 [notice] 34#34: gracefully shutting down
2023/09/09 11:20:25 [notice] 33#33: gracefully shutting down
2023/09/09 11:20:25 [notice] 31#31: exiting
2023/09/09 11:20:25 [notice] 32#32: exiting
2023/09/09 11:20:25 [notice] 29#29: exit
2023/09/09 11:20:25 [notice] 30#30: exiting
2023/09/09 11:20:25 [notice] 34#34: exiting
2023/09/09 11:20:25 [notice] 33#33: exiting
2023/09/09 11:20:25 [notice] 31#31: exit
2023/09/09 11:20:25 [notice] 32#32: exit
2023/09/09 11:20:25 [notice] 30#30: exit
2023/09/09 11:20:25 [notice] 34#34: exit
2023/09/09 11:20:25 [notice] 33#33: exit
2023/09/09 11:20:25 [notice] 1#1: signal 17 (SIGCHLD) received from 32
2023/09/09 11:20:25 [notice] 1#1: worker process 32 exited with code 0
2023/09/09 11:20:25 [notice] 1#1: signal 29 (SIGIO) received
2023/09/09 11:20:25 [notice] 1#1: signal 17 (SIGCHLD) received from 29
2023/09/09 11:20:25 [notice] 1#1: worker process 29 exited with code 0
2023/09/09 11:20:25 [notice] 1#1: worker process 30 exited with code 0
2023/09/09 11:20:25 [notice] 1#1: worker process 34 exited with code 0
2023/09/09 11:20:25 [notice] 1#1: worker process 31 exited with code 0
2023/09/09 11:20:25 [notice] 1#1: worker process 33 exited with code 0
2023/09/09 11:20:25 [notice] 1#1: signal 17 (SIGCHLD) received from 34
2023/09/09 11:20:25 [notice] 1#1: exit
2023/09/09 11:21:50 [notice] 1#1: using the "epoll" event method
2023/09/09 11:21:50 [notice] 1#1: nginx/1.25.2
2023/09/09 11:21:50 [notice] 1#1: built by gcc 12.2.1 20220924 (Alpine 12.2.1_git20220924-r10) 
2023/09/09 11:21:50 [notice] 1#1: OS: Linux 5.15.49-linuxkit-pr
2023/09/09 11:21:50 [notice] 1#1: getrlimit(RLIMIT_NOFILE): 1048576:1048576
2023/09/09 11:21:50 [notice] 1#1: start worker processes
2023/09/09 11:21:50 [notice] 1#1: start worker process 30
2023/09/09 11:21:50 [notice] 1#1: start worker process 31
2023/09/09 11:21:50 [notice] 1#1: start worker process 32
2023/09/09 11:21:50 [notice] 1#1: start worker process 33
2023/09/09 11:21:50 [notice] 1#1: start worker process 34
2023/09/09 11:21:50 [notice] 1#1: start worker process 35
2023/09/09 11:23:04 [notice] 1#1: signal 3 (SIGQUIT) received, shutting down
2023/09/09 11:23:04 [notice] 30#30: gracefully shutting down
2023/09/09 11:23:04 [notice] 31#31: gracefully shutting down
2023/09/09 11:23:04 [notice] 33#33: gracefully shutting down
2023/09/09 11:23:04 [notice] 32#32: gracefully shutting down
2023/09/09 11:23:04 [notice] 34#34: gracefully shutting down
2023/09/09 11:23:04 [notice] 35#35: gracefully shutting down
2023/09/09 11:23:04 [notice] 30#30: exiting
2023/09/09 11:23:04 [notice] 31#31: exiting
2023/09/09 11:23:04 [notice] 33#33: exiting
2023/09/09 11:23:04 [notice] 32#32: exiting
2023/09/09 11:23:04 [notice] 34#34: exiting
2023/09/09 11:23:04 [notice] 35#35: exiting
2023/09/09 11:23:04 [notice] 30#30: exit
2023/09/09 11:23:04 [notice] 31#31: exit
2023/09/09 11:23:04 [notice] 33#33: exit
2023/09/09 11:23:04 [notice] 32#32: exit
2023/09/09 11:23:04 [notice] 34#34: exit
2023/09/09 11:23:04 [notice] 35#35: exit
2023/09/09 11:23:04 [notice] 1#1: signal 17 (SIGCHLD) received from 30
2023/09/09 11:23:04 [notice] 1#1: worker process 30 exited with code 0
2023/09/09 11:23:04 [notice] 1#1: worker process 31 exited with code 0
2023/09/09 11:23:04 [notice] 1#1: worker process 32 exited with code 0
2023/09/09 11:23:04 [notice] 1#1: worker process 33 exited with code 0
2023/09/09 11:23:04 [notice] 1#1: worker process 34 exited with code 0
2023/09/09 11:23:04 [notice] 1#1: worker process 35 exited with code 0
2023/09/09 11:23:04 [notice] 1#1: exit
2023/09/09 11:23:14 [notice] 1#1: using the "epoll" event method
2023/09/09 11:23:14 [notice] 1#1: nginx/1.25.2
2023/09/09 11:23:14 [notice] 1#1: built by gcc 12.2.1 20220924 (Alpine 12.2.1_git20220924-r10) 
2023/09/09 11:23:14 [notice] 1#1: OS: Linux 5.15.49-linuxkit-pr
2023/09/09 11:23:14 [notice] 1#1: getrlimit(RLIMIT_NOFILE): 1048576:1048576
2023/09/09 11:23:14 [notice] 1#1: start worker processes
2023/09/09 11:23:14 [notice] 1#1: start worker process 30
2023/09/09 11:23:14 [notice] 1#1: start worker process 31
2023/09/09 11:23:14 [notice] 1#1: start worker process 32
2023/09/09 11:23:14 [notice] 1#1: start worker process 33
2023/09/09 11:23:14 [notice] 1#1: start worker process 34
2023/09/09 11:23:14 [notice] 1#1: start worker process 35
2023/09/09 11:23:40 [notice] 1#1: signal 3 (SIGQUIT) received, shutting down
2023/09/09 11:23:40 [notice] 33#33: gracefully shutting down
2023/09/09 11:23:40 [notice] 33#33: exiting
2023/09/09 11:23:40 [notice] 32#32: gracefully shutting down
2023/09/09 11:23:40 [notice] 32#32: exiting
2023/09/09 11:23:40 [notice] 34#34: gracefully shutting down
2023/09/09 11:23:40 [notice] 30#30: gracefully shutting down
2023/09/09 11:23:40 [notice] 31#31: gracefully shutting down
2023/09/09 11:23:40 [notice] 35#35: gracefully shutting down
2023/09/09 11:23:40 [notice] 33#33: exit
2023/09/09 11:23:40 [notice] 32#32: exit
2023/09/09 11:23:40 [notice] 34#34: exiting
2023/09/09 11:23:40 [notice] 30#30: exiting
2023/09/09 11:23:40 [notice] 31#31: exiting
2023/09/09 11:23:40 [notice] 35#35: exiting
2023/09/09 11:23:40 [notice] 34#34: exit
2023/09/09 11:23:40 [notice] 30#30: exit
2023/09/09 11:23:40 [notice] 31#31: exit
2023/09/09 11:23:40 [notice] 35#35: exit
2023/09/09 11:23:40 [notice] 1#1: signal 17 (SIGCHLD) received from 34
2023/09/09 11:23:40 [notice] 1#1: worker process 30 exited with code 0
2023/09/09 11:23:40 [notice] 1#1: worker process 32 exited with code 0
2023/09/09 11:23:40 [notice] 1#1: worker process 33 exited with code 0
2023/09/09 11:23:40 [notice] 1#1: worker process 34 exited with code 0
2023/09/09 11:23:40 [notice] 1#1: worker process 31 exited with code 0
2023/09/09 11:23:40 [notice] 1#1: signal 29 (SIGIO) received
2023/09/09 11:23:40 [notice] 1#1: signal 17 (SIGCHLD) received from 33
2023/09/09 11:23:40 [notice] 1#1: worker process 35 exited with code 0
2023/09/09 11:23:40 [notice] 1#1: exit
2023/09/09 11:23:43 [notice] 1#1: using the "epoll" event method
2023/09/09 11:23:43 [notice] 1#1: nginx/1.25.2
2023/09/09 11:23:43 [notice] 1#1: built by gcc 12.2.1 20220924 (Alpine 12.2.1_git20220924-r10) 
2023/09/09 11:23:43 [notice] 1#1: OS: Linux 5.15.49-linuxkit-pr
2023/09/09 11:23:43 [notice] 1#1: getrlimit(RLIMIT_NOFILE): 1048576:1048576
2023/09/09 11:23:43 [notice] 1#1: start worker processes
2023/09/09 11:23:43 [notice] 1#1: start worker process 22
2023/09/09 11:23:43 [notice] 1#1: start worker process 23
2023/09/09 11:23:43 [notice] 1#1: start worker process 24
2023/09/09 11:23:43 [notice] 1#1: start worker process 25
2023/09/09 11:23:43 [notice] 1#1: start worker process 26
2023/09/09 11:23:43 [notice] 1#1: start worker process 27
2023/09/09 11:26:12 [notice] 1#1: signal 3 (SIGQUIT) received, shutting down
2023/09/09 11:26:12 [notice] 24#24: gracefully shutting down
2023/09/09 11:26:12 [notice] 22#22: gracefully shutting down
2023/09/09 11:26:12 [notice] 25#25: gracefully shutting down
2023/09/09 11:26:12 [notice] 27#27: gracefully shutting down
2023/09/09 11:26:12 [notice] 23#23: gracefully shutting down
2023/09/09 11:26:12 [notice] 26#26: gracefully shutting down
2023/09/09 11:26:12 [notice] 26#26: exiting
2023/09/09 11:26:12 [notice] 24#24: exiting
2023/09/09 11:26:12 [notice] 22#22: exiting
2023/09/09 11:26:12 [notice] 25#25: exiting
2023/09/09 11:26:12 [notice] 27#27: exiting
2023/09/09 11:26:12 [notice] 23#23: exiting
2023/09/09 11:26:12 [notice] 26#26: exit
2023/09/09 11:26:12 [notice] 24#24: exit
2023/09/09 11:26:12 [notice] 22#22: exit
2023/09/09 11:26:12 [notice] 25#25: exit
2023/09/09 11:26:12 [notice] 27#27: exit
2023/09/09 11:26:12 [notice] 23#23: exit
2023/09/09 11:26:12 [notice] 1#1: signal 17 (SIGCHLD) received from 24
2023/09/09 11:26:12 [notice] 1#1: worker process 24 exited with code 0
2023/09/09 11:26:12 [notice] 1#1: signal 29 (SIGIO) received
2023/09/09 11:26:12 [notice] 1#1: signal 17 (SIGCHLD) received from 22
2023/09/09 11:26:12 [notice] 1#1: worker process 22 exited with code 0
2023/09/09 11:26:12 [notice] 1#1: worker process 23 exited with code 0
2023/09/09 11:26:12 [notice] 1#1: worker process 26 exited with code 0
2023/09/09 11:26:12 [notice] 1#1: signal 29 (SIGIO) received
2023/09/09 11:26:12 [notice] 1#1: signal 17 (SIGCHLD) received from 23
2023/09/09 11:26:12 [notice] 1#1: worker process 25 exited with code 0
2023/09/09 11:26:12 [notice] 1#1: worker process 27 exited with code 0
2023/09/09 11:26:12 [notice] 1#1: exit
2023/09/09 11:26:17 [notice] 1#1: using the "epoll" event method
2023/09/09 11:26:17 [notice] 1#1: nginx/1.25.2
2023/09/09 11:26:17 [notice] 1#1: built by gcc 12.2.1 20220924 (Alpine 12.2.1_git20220924-r10) 
2023/09/09 11:26:17 [notice] 1#1: OS: Linux 5.15.49-linuxkit-pr
2023/09/09 11:26:17 [notice] 1#1: getrlimit(RLIMIT_NOFILE): 1048576:1048576
2023/09/09 11:26:17 [notice] 1#1: start worker processes
2023/09/09 11:26:17 [notice] 1#1: start worker process 30
2023/09/09 11:26:17 [notice] 1#1: start worker process 31
2023/09/09 11:26:17 [notice] 1#1: start worker process 32
2023/09/09 11:26:17 [notice] 1#1: start worker process 33
2023/09/09 11:26:17 [notice] 1#1: start worker process 34
2023/09/09 11:26:17 [notice] 1#1: start worker process 35
2023/09/09 11:27:46 [notice] 1#1: signal 3 (SIGQUIT) received, shutting down
2023/09/09 11:27:46 [notice] 32#32: gracefully shutting down
2023/09/09 11:27:46 [notice] 30#30: gracefully shutting down
2023/09/09 11:27:46 [notice] 33#33: gracefully shutting down
2023/09/09 11:27:46 [notice] 35#35: gracefully shutting down
2023/09/09 11:27:46 [notice] 31#31: gracefully shutting down
2023/09/09 11:27:46 [notice] 31#31: exiting
2023/09/09 11:27:46 [notice] 34#34: gracefully shutting down
2023/09/09 11:27:46 [notice] 32#32: exiting
2023/09/09 11:27:46 [notice] 30#30: exiting
2023/09/09 11:27:46 [notice] 33#33: exiting
2023/09/09 11:27:46 [notice] 35#35: exiting
2023/09/09 11:27:46 [notice] 31#31: exit
2023/09/09 11:27:46 [notice] 34#34: exiting
2023/09/09 11:27:46 [notice] 32#32: exit
2023/09/09 11:27:46 [notice] 30#30: exit
2023/09/09 11:27:46 [notice] 33#33: exit
2023/09/09 11:27:46 [notice] 35#35: exit
2023/09/09 11:27:46 [notice] 34#34: exit
2023/09/09 11:27:46 [notice] 1#1: signal 17 (SIGCHLD) received from 33
2023/09/09 11:27:46 [notice] 1#1: worker process 33 exited with code 0
2023/09/09 11:27:46 [notice] 1#1: signal 29 (SIGIO) received
2023/09/09 11:27:46 [notice] 1#1: signal 17 (SIGCHLD) received from 31
2023/09/09 11:27:46 [notice] 1#1: worker process 31 exited with code 0
2023/09/09 11:27:46 [notice] 1#1: worker process 32 exited with code 0
2023/09/09 11:27:46 [notice] 1#1: signal 29 (SIGIO) received
2023/09/09 11:27:46 [notice] 1#1: signal 17 (SIGCHLD) received from 32
2023/09/09 11:27:46 [notice] 1#1: signal 17 (SIGCHLD) received from 35
2023/09/09 11:27:46 [notice] 1#1: worker process 30 exited with code 0
2023/09/09 11:27:46 [notice] 1#1: worker process 34 exited with code 0
2023/09/09 11:27:46 [notice] 1#1: worker process 35 exited with code 0
2023/09/09 11:27:46 [notice] 1#1: exit
2023/09/09 11:28:58 [notice] 1#1: using the "epoll" event method
2023/09/09 11:28:58 [notice] 1#1: nginx/1.25.2
2023/09/09 11:28:58 [notice] 1#1: built by gcc 12.2.1 20220924 (Alpine 12.2.1_git20220924-r10) 
2023/09/09 11:28:58 [notice] 1#1: OS: Linux 5.15.49-linuxkit-pr
2023/09/09 11:28:58 [notice] 1#1: getrlimit(RLIMIT_NOFILE): 1048576:1048576
2023/09/09 11:28:58 [notice] 1#1: start worker processes
2023/09/09 11:28:58 [notice] 1#1: start worker process 22
2023/09/09 11:28:58 [notice] 1#1: start worker process 23
2023/09/09 11:28:58 [notice] 1#1: start worker process 24
2023/09/09 11:28:58 [notice] 1#1: start worker process 25
2023/09/09 11:28:58 [notice] 1#1: start worker process 26
2023/09/09 11:28:58 [notice] 1#1: start worker process 27
2023/09/09 11:47:17 [notice] 1#1: signal 3 (SIGQUIT) received, shutting down
2023/09/09 11:47:17 [notice] 24#24: gracefully shutting down
2023/09/09 11:47:17 [notice] 22#22: gracefully shutting down
2023/09/09 11:47:17 [notice] 25#25: gracefully shutting down
2023/09/09 11:47:17 [notice] 25#25: exiting
2023/09/09 11:47:17 [notice] 26#26: gracefully shutting down
2023/09/09 11:47:17 [notice] 23#23: gracefully shutting down
2023/09/09 11:47:17 [notice] 27#27: gracefully shutting down
2023/09/09 11:47:17 [notice] 24#24: exiting
2023/09/09 11:47:17 [notice] 22#22: exiting
2023/09/09 11:47:17 [notice] 25#25: exit
2023/09/09 11:47:17 [notice] 26#26: exiting
2023/09/09 11:47:17 [notice] 23#23: exiting
2023/09/09 11:47:17 [notice] 27#27: exiting
2023/09/09 11:47:17 [notice] 24#24: exit
2023/09/09 11:47:17 [notice] 22#22: exit
2023/09/09 11:47:17 [notice] 26#26: exit
2023/09/09 11:47:17 [notice] 23#23: exit
2023/09/09 11:47:17 [notice] 27#27: exit
2023/09/09 11:47:17 [notice] 1#1: signal 17 (SIGCHLD) received from 22
2023/09/09 11:47:17 [notice] 1#1: worker process 22 exited with code 0
2023/09/09 11:47:17 [notice] 1#1: worker process 24 exited with code 0
2023/09/09 11:47:17 [notice] 1#1: worker process 25 exited with code 0
2023/09/09 11:47:17 [notice] 1#1: signal 29 (SIGIO) received
2023/09/09 11:47:17 [notice] 1#1: signal 17 (SIGCHLD) received from 25
2023/09/09 11:47:17 [notice] 1#1: worker process 23 exited with code 0
2023/09/09 11:47:17 [notice] 1#1: signal 29 (SIGIO) received
2023/09/09 11:47:17 [notice] 1#1: signal 17 (SIGCHLD) received from 23
2023/09/09 11:47:17 [notice] 1#1: signal 17 (SIGCHLD) received from 26
2023/09/09 11:47:17 [notice] 1#1: worker process 26 exited with code 0
2023/09/09 11:47:17 [notice] 1#1: worker process 27 exited with code 0
2023/09/09 11:47:17 [notice] 1#1: exit
2023/09/09 11:51:41 [notice] 1#1: using the "epoll" event method
2023/09/09 11:51:41 [notice] 1#1: nginx/1.25.2
2023/09/09 11:51:41 [notice] 1#1: built by gcc 12.2.1 20220924 (Alpine 12.2.1_git20220924-r10) 
2023/09/09 11:51:41 [notice] 1#1: OS: Linux 5.15.49-linuxkit-pr
2023/09/09 11:51:41 [notice] 1#1: getrlimit(RLIMIT_NOFILE): 1048576:1048576
2023/09/09 11:51:41 [notice] 1#1: start worker processes
2023/09/09 11:51:41 [notice] 1#1: start worker process 30
2023/09/09 11:51:41 [notice] 1#1: start worker process 31
2023/09/09 11:51:41 [notice] 1#1: start worker process 32
2023/09/09 11:51:41 [notice] 1#1: start worker process 33
2023/09/09 11:51:41 [notice] 1#1: start worker process 34
2023/09/09 11:51:41 [notice] 1#1: start worker process 35
2023/09/09 12:05:28 [notice] 1#1: signal 3 (SIGQUIT) received, shutting down
2023/09/09 12:05:28 [notice] 30#30: gracefully shutting down
2023/09/09 12:05:28 [notice] 32#32: gracefully shutting down
2023/09/09 12:05:28 [notice] 31#31: gracefully shutting down
2023/09/09 12:05:28 [notice] 35#35: gracefully shutting down
2023/09/09 12:05:28 [notice] 33#33: gracefully shutting down
2023/09/09 12:05:28 [notice] 34#34: gracefully shutting down
2023/09/09 12:05:28 [notice] 34#34: exiting
2023/09/09 12:05:28 [notice] 30#30: exiting
2023/09/09 12:05:28 [notice] 32#32: exiting
2023/09/09 12:05:28 [notice] 31#31: exiting
2023/09/09 12:05:28 [notice] 35#35: exiting
2023/09/09 12:05:28 [notice] 33#33: exiting
2023/09/09 12:05:28 [notice] 34#34: exit
2023/09/09 12:05:28 [notice] 30#30: exit
2023/09/09 12:05:28 [notice] 32#32: exit
2023/09/09 12:05:28 [notice] 31#31: exit
2023/09/09 12:05:28 [notice] 35#35: exit
2023/09/09 12:05:28 [notice] 33#33: exit
2023/09/09 12:05:28 [notice] 1#1: signal 17 (SIGCHLD) received from 32
2023/09/09 12:05:28 [notice] 1#1: worker process 30 exited with code 0
2023/09/09 12:05:28 [notice] 1#1: worker process 32 exited with code 0
2023/09/09 12:05:28 [notice] 1#1: worker process 34 exited with code 0
2023/09/09 12:05:28 [notice] 1#1: worker process 35 exited with code 0
2023/09/09 12:05:28 [notice] 1#1: signal 29 (SIGIO) received
2023/09/09 12:05:28 [notice] 1#1: signal 17 (SIGCHLD) received from 35
2023/09/09 12:05:28 [notice] 1#1: signal 17 (SIGCHLD) received from 33
2023/09/09 12:05:28 [notice] 1#1: worker process 31 exited with code 0
2023/09/09 12:05:28 [notice] 1#1: worker process 33 exited with code 0
2023/09/09 12:05:28 [notice] 1#1: exit
2023/09/09 12:05:38 [notice] 1#1: using the "epoll" event method
2023/09/09 12:05:38 [notice] 1#1: nginx/1.25.2
2023/09/09 12:05:38 [notice] 1#1: built by gcc 12.2.1 20220924 (Alpine 12.2.1_git20220924-r10) 
2023/09/09 12:05:38 [notice] 1#1: OS: Linux 5.15.49-linuxkit-pr
2023/09/09 12:05:38 [notice] 1#1: getrlimit(RLIMIT_NOFILE): 1048576:1048576
2023/09/09 12:05:38 [notice] 1#1: start worker processes
2023/09/09 12:05:38 [notice] 1#1: start worker process 30
2023/09/09 12:05:38 [notice] 1#1: start worker process 31
2023/09/09 12:05:38 [notice] 1#1: start worker process 32
2023/09/09 12:05:38 [notice] 1#1: start worker process 33
2023/09/09 12:05:38 [notice] 1#1: start worker process 34
2023/09/09 12:05:38 [notice] 1#1: start worker process 35
2023/09/09 12:05:50 [notice] 1#1: signal 3 (SIGQUIT) received, shutting down
2023/09/09 12:05:50 [notice] 30#30: gracefully shutting down
2023/09/09 12:05:50 [notice] 30#30: exiting
2023/09/09 12:05:50 [notice] 32#32: gracefully shutting down
2023/09/09 12:05:50 [notice] 32#32: exiting
2023/09/09 12:05:50 [notice] 31#31: gracefully shutting down
2023/09/09 12:05:50 [notice] 31#31: exiting
2023/09/09 12:05:50 [notice] 33#33: gracefully shutting down
2023/09/09 12:05:50 [notice] 35#35: gracefully shutting down
2023/09/09 12:05:50 [notice] 34#34: gracefully shutting down
2023/09/09 12:05:50 [notice] 30#30: exit
2023/09/09 12:05:50 [notice] 32#32: exit
2023/09/09 12:05:50 [notice] 31#31: exit
2023/09/09 12:05:50 [notice] 33#33: exiting
2023/09/09 12:05:50 [notice] 35#35: exiting
2023/09/09 12:05:50 [notice] 34#34: exiting
2023/09/09 12:05:50 [notice] 33#33: exit
2023/09/09 12:05:50 [notice] 35#35: exit
2023/09/09 12:05:50 [notice] 34#34: exit
2023/09/09 12:05:50 [notice] 1#1: signal 17 (SIGCHLD) received from 30
2023/09/09 12:05:50 [notice] 1#1: worker process 30 exited with code 0
2023/09/09 12:05:50 [notice] 1#1: worker process 32 exited with code 0
2023/09/09 12:05:50 [notice] 1#1: signal 29 (SIGIO) received
2023/09/09 12:05:50 [notice] 1#1: signal 17 (SIGCHLD) received from 31
2023/09/09 12:05:50 [notice] 1#1: worker process 31 exited with code 0
2023/09/09 12:05:50 [notice] 1#1: signal 29 (SIGIO) received
2023/09/09 12:05:50 [notice] 1#1: signal 17 (SIGCHLD) received from 35
2023/09/09 12:05:50 [notice] 1#1: worker process 35 exited with code 0
2023/09/09 12:05:50 [notice] 1#1: signal 29 (SIGIO) received
2023/09/09 12:05:50 [notice] 1#1: signal 17 (SIGCHLD) received from 33
2023/09/09 12:05:50 [notice] 1#1: worker process 33 exited with code 0
2023/09/09 12:05:50 [notice] 1#1: worker process 34 exited with code 0
2023/09/09 12:05:50 [notice] 1#1: exit
2023/09/09 12:06:06 [notice] 1#1: using the "epoll" event method
2023/09/09 12:06:06 [notice] 1#1: nginx/1.25.2
2023/09/09 12:06:06 [notice] 1#1: built by gcc 12.2.1 20220924 (Alpine 12.2.1_git20220924-r10) 
2023/09/09 12:06:06 [notice] 1#1: OS: Linux 5.15.49-linuxkit-pr
2023/09/09 12:06:06 [notice] 1#1: getrlimit(RLIMIT_NOFILE): 1048576:1048576
2023/09/09 12:06:06 [notice] 1#1: start worker processes
2023/09/09 12:06:06 [notice] 1#1: start worker process 30
2023/09/09 12:06:06 [notice] 1#1: start worker process 31
2023/09/09 12:06:06 [notice] 1#1: start worker process 32
2023/09/09 12:06:06 [notice] 1#1: start worker process 33
2023/09/09 12:06:06 [notice] 1#1: start worker process 34
2023/09/09 12:06:06 [notice] 1#1: start worker process 35
